{
  event = "msg_showcmd",
  kind = {}
}
{
  event = "msg_showcmd",
  kind = { { 0, ":", 0 } }
}
{ 0, ":", "", 0, 1, 0,
  event = "cmdline_show",
  kind = { { 0, "" } }
}
{ 1, ":", "", 0, 1, 0,
  event = "cmdline_show",
  kind = { { 0, "N" } }
}
{ 2, ":", "", 0, 1, 0,
  event = "cmdline_show",
  kind = { { 0, "No" } }
}
{ 3, ":", "", 0, 1, 0,
  event = "cmdline_show",
  kind = { { 0, "Noi" } }
}
{ 4, ":", "", 0, 1, 0,
  event = "cmdline_show",
  kind = { { 0, "Noic" } }
}
{ false,
  event = "cmdline_hide",
  kind = 1
}
{
  event = "msg_showcmd",
  kind = {}
}
{ { { 99, "E464: Ambiguous use of user-defined command", 6 } }, false, true,
  event = "msg_show",
  kind = "emsg"
}
{
  event = "msg_showcmd",
  kind = { { 0, "^[", 0 } }
}
{
  event = "msg_showcmd",
  kind = {}
}
{
  event = "msg_showcmd",
  kind = { { 0, "^[", 0 } }
}
{
  event = "msg_showcmd",
  kind = {}
}
{ { { 99, "E486: Pattern not found: use", 6 } }, true, true,
  event = "msg_show",
  kind = "emsg"
}
{ { { 99, "E486: Pattern not found: use", 6 } }, true, true,
  event = "msg_show",
  kind = "emsg"
}
{ { { 99, "E486: Pattern not found: use", 6 } }, true, true,
  event = "msg_show",
  kind = "emsg"
}
{ { { 99, "E486: Pattern not found: use", 6 } }, true, true,
  event = "msg_show",
  kind = "emsg"
}
{
  event = "msg_showcmd",
  kind = { { 0, "gj", 0 } }
}
{
  event = "msg_showcmd",
  kind = {}
}
{
  event = "msg_showcmd",
  kind = { { 0, "gj", 0 } }
}
{
  event = "msg_showcmd",
  kind = {}
}
{
  event = "msg_showcmd",
  kind = { { 0, "gj", 0 } }
}
{
  event = "msg_showcmd",
  kind = {}
}
{
  event = "msg_showcmd",
  kind = { { 0, "gj", 0 } }
}
{
  event = "msg_showcmd",
  kind = {}
}
{
  event = "msg_showcmd",
  kind = { { 0, "gj", 0 } }
}
{
  event = "msg_showcmd",
  kind = {}
}
{
  event = "msg_showcmd",
  kind = { { 0, "o", 0 } }
}
{
  event = "msg_showcmd",
  kind = {}
}
{
  event = "msg_showcmd",
  kind = { { 0, ":", 0 } }
}
{
  event = "msg_clear"
}
{ 0, ":", "", 0, 1, 0,
  event = "cmdline_show",
  kind = { { 0, "" } }
}
{ 1, ":", "", 0, 1, 0,
  event = "cmdline_show",
  kind = { { 0, "w" } }
}
{ true,
  event = "cmdline_hide",
  kind = 1
}
{
  event = "msg_showcmd",
  kind = {}
}
{
  event = "msg_showcmd",
  kind = { { 0, "v", 0 } }
}
{
  event = "msg_showcmd",
  kind = { { 0, "1", 0 } }
}
{
  event = "msg_showcmd",
  kind = { { 0, "1", 0 } }
}
{
  event = "msg_showcmd",
  kind = { { 0, "1", 0 } }
}
{
  event = "msg_showcmd",
  kind = { { 0, "1", 0 } }
}
{
  event = "msg_showcmd",
  kind = {}
}
{
  event = "msg_showcmd",
  kind = { { 0, "a", 0 } }
}
{
  event = "msg_showcmd",
  kind = {}
}
{
  event = "msg_showcmd",
  kind = { { 0, "31", 0 } }
}
{
  event = "msg_showcmd",
  kind = { { 0, "31", 0 } }
}
{
  event = "msg_showcmd",
  kind = { { 0, "31", 0 } }
}
{
  event = "msg_showcmd",
  kind = { { 0, "31", 0 } }
}
{
  event = "msg_showcmd",
  kind = { { 0, "31", 0 } }
}
{
  event = "msg_showcmd",
  kind = { { 0, "31", 0 } }
}
{
  event = "msg_showcmd",
  kind = { { 0, "31", 0 } }
}
{
  event = "msg_showcmd",
  kind = { { 0, "31", 0 } }
}
{
  event = "msg_showcmd",
  kind = { { 0, "31", 0 } }
}
{
  event = "msg_showcmd",
  kind = { { 0, "31", 0 } }
}
{
  event = "msg_showcmd",
  kind = { { 0, "31", 0 } }
}
{
  event = "msg_showcmd",
  kind = { { 0, "31", 0 } }
}
{
  event = "msg_showcmd",
  kind = { { 0, "31", 0 } }
}
{
  event = "msg_showcmd",
  kind = { { 0, "31", 0 } }
}
{
  event = "msg_showcmd",
  kind = { { 0, "31", 0 } }
}
{
  event = "msg_showcmd",
  kind = { { 0, "31", 0 } }
}
{
  event = "msg_showcmd",
  kind = { { 0, "31", 0 } }
}
{
  event = "msg_showcmd",
  kind = { { 0, "31", 0 } }
}
{
  event = "msg_showcmd",
  kind = { { 0, "31", 0 } }
}
{
  event = "msg_showcmd",
  kind = { { 0, "31", 0 } }
}
{
  event = "msg_showcmd",
  kind = { { 0, "31", 0 } }
}
{
  event = "msg_showcmd",
  kind = { { 0, "31", 0 } }
}
{
  event = "msg_showcmd",
  kind = { { 0, "31", 0 } }
}
{
  event = "msg_showcmd",
  kind = { { 0, "31", 0 } }
}
{
  event = "msg_showcmd",
  kind = { { 0, "31", 0 } }
}
{
  event = "msg_showcmd",
  kind = { { 0, "31", 0 } }
}
{
  event = "msg_showcmd",
  kind = { { 0, "31", 0 } }
}
{
  event = "msg_showcmd",
  kind = { { 0, "31", 0 } }
}
{
  event = "msg_showcmd",
  kind = { { 0, "31", 0 } }
}
{
  event = "msg_showcmd",
  kind = { { 0, "31", 0 } }
}
{
  event = "msg_showcmd",
  kind = { { 0, "31", 0 } }
}
{
  event = "msg_showcmd",
  kind = { { 0, "31", 0 } }
}
{
  event = "msg_showcmd",
  kind = { { 0, "31", 0 } }
}
{
  event = "msg_showcmd",
  kind = { { 0, "31", 0 } }
}
{
  event = "msg_showcmd",
  kind = { { 0, "31", 0 } }
}
{
  event = "msg_showcmd",
  kind = { { 0, "31", 0 } }
}
{
  event = "msg_showcmd",
  kind = { { 0, "31", 0 } }
}
{
  event = "msg_showcmd",
  kind = { { 0, "31", 0 } }
}
{
  event = "msg_showcmd",
  kind = { { 0, "31", 0 } }
}
{
  event = "msg_showcmd",
  kind = { { 0, "31", 0 } }
}
{
  event = "msg_showcmd",
  kind = { { 0, "31", 0 } }
}
{
  event = "msg_showcmd",
  kind = { { 0, "31", 0 } }
}
{
  event = "msg_showcmd",
  kind = { { 0, "31", 0 } }
}
{
  event = "msg_showcmd",
  kind = { { 0, "31", 0 } }
}
{
  event = "msg_showcmd",
  kind = { { 0, "31", 0 } }
}
{
  event = "msg_showcmd",
  kind = { { 0, "31", 0 } }
}
{
  event = "msg_showcmd",
  kind = { { 0, "31", 0 } }
}
{
  event = "msg_showcmd",
  kind = { { 0, "31", 0 } }
}
{
  event = "msg_showcmd",
  kind = { { 0, "31", 0 } }
}
{
  event = "msg_showcmd",
  kind = { { 0, "31", 0 } }
}
{
  event = "msg_showcmd",
  kind = { { 0, "31", 0 } }
}
{
  event = "msg_showcmd",
  kind = {}
}
{
  event = "msg_showcmd",
  kind = { { 0, "g@", 0 } }
}
{
  event = "msg_showcmd",
  kind = {}
}
{
  event = "msg_showcmd",
  kind = { { 0, ":", 0 } }
}
{ 0, ":", "", 0, 1, 0,
  event = "cmdline_show",
  kind = { { 0, "" } }
}
{ 1, ":", "", 0, 1, 0,
  event = "cmdline_show",
  kind = { { 0, "q" } }
}
{ 4, ":", "", 0, 1, 0,
  event = "cmdline_show",
  kind = { { 0, "qall" } }
}
{ false,
  event = "cmdline_hide",
  kind = 1
}
{ { { 68, '\nSave changes to "/home/nazimuddin/.dotfiles/nvim/lua/plugins/autopairs.lua"?\n', 10 } }, false, false,
  event = "msg_show",
  kind = "confirm"
}
{ 0, "", "[Y]es, (N)o, (C)ancel: ", 0, 1, 10,
  event = "cmdline_show",
  kind = { { 0, "" } }
}
{ false,
  event = "cmdline_hide",
  kind = 1
}
{
  event = "msg_clear"
}
{ { { 0, '"~/.dotfiles/nvim/lua/plugins/autopairs.lua" ', 0 } }, false, false,
  event = "msg_show",
  kind = "bufwrite"
}
{ { { 0, '"~/.dotfiles/nvim/lua/plugins/autopairs.lua" 31L, 1014B', 0 } }, true, true,
  event = "msg_show",
  kind = "bufwrite"
}
